\BOOKMARK [0][-]{chapter.1}{\376\377\000T\000h\000e\000o\000r\000e\000t\000i\000c\000a\000l\000\040\000B\000a\000c\000k\000g\000r\000o\000u\000n\000d}{}% 1
\BOOKMARK [1][-]{section.1.1}{\376\377\000O\000v\000e\000r\000v\000i\000e\000w}{chapter.1}% 2
\BOOKMARK [1][-]{section.1.2}{\376\377\000S\000i\000g\000n\000a\000l\000\040\000a\000n\000d\000\040\000n\000o\000i\000s\000e\000\040\000s\000p\000e\000c\000t\000r\000u\000m}{chapter.1}% 3
\BOOKMARK [1][-]{section.1.3}{\376\377\000S\000o\000u\000r\000c\000e\000\040\000s\000p\000e\000c\000t\000r\000a\000l\000\040\000m\000o\000d\000e\000l}{chapter.1}% 4
\BOOKMARK [1][-]{section.1.4}{\376\377\000I\000n\000v\000e\000r\000s\000i\000o\000n\000\040\000m\000e\000t\000h\000o\000d}{chapter.1}% 5
\BOOKMARK [0][-]{chapter.2}{\376\377\000G\000e\000t\000t\000i\000n\000g\000\040\000S\000t\000a\000r\000t\000e\000d}{}% 6
\BOOKMARK [1][-]{section.2.1}{\376\377\000S\000p\000e\000c\000t\000r\000a\000l\000\040\000M\000w\000\040\000c\000a\000l\000c\000u\000l\000a\000t\000i\000o\000n}{chapter.2}% 7
\BOOKMARK [2][-]{subsection.2.1.1}{\376\377\000U\000s\000e\000\040\000c\000a\000s\000e\000:\000\040\000e\000x\000t\000e\000r\000n\000a\000l\000\040\000s\000e\000r\000v\000e\000r}{section.2.1}% 8
\BOOKMARK [3][-]{subsubsection.2.1.1.1}{\376\377\000F\000D\000S\000N\000W\000S}{subsection.2.1.1}% 9
\BOOKMARK [3][-]{subsubsection.2.1.1.2}{\376\377\000A\000r\000c\000L\000i\000n\000k}{subsection.2.1.1}% 10
\BOOKMARK [2][-]{subsection.2.1.2}{\376\377\000U\000s\000e\000\040\000c\000a\000s\000e\000:\000\040\000f\000i\000l\000e\000s}{section.2.1}% 11
\BOOKMARK [2][-]{subsection.2.1.3}{\376\377\000C\000o\000m\000m\000a\000n\000d\000\040\000l\000i\000n\000e\000\040\000a\000r\000g\000u\000m\000e\000n\000t\000s}{section.2.1}% 12
\BOOKMARK [1][-]{section.2.2}{\376\377\000S\000o\000u\000r\000c\000e\000\040\000s\000p\000e\000c\000t\000r\000a\000\040\000v\000i\000s\000u\000a\000l\000i\000z\000a\000t\000i\000o\000n}{chapter.2}% 13
\BOOKMARK [0][-]{chapter.3}{\376\377\000C\000o\000n\000f\000i\000g\000u\000r\000a\000t\000i\000o\000n\000\040\000f\000i\000l\000e}{}% 14
\BOOKMARK [1][-]{section.3.1}{\376\377\000N\000o\000t\000\040\000p\000r\000e\000d\000e\000f\000i\000n\000e\000d\000\040\000p\000a\000r\000a\000m\000e\000t\000e\000r\000s}{chapter.3}% 15
\BOOKMARK [1][-]{section.3.2}{\376\377\000S\000t\000a\000t\000i\000o\000n\000\040\000p\000a\000r\000a\000m\000e\000t\000e\000r\000s}{chapter.3}% 16
\BOOKMARK [2][-]{subsection.3.2.1}{\376\377\000P\000h\000a\000s\000e\000\040\000p\000a\000r\000a\000m\000e\000t\000e\000r\000s}{section.3.2}% 17
\BOOKMARK [3][-]{subsubsection.3.2.1.1}{\376\377\000P\000h\000a\000s\000e\000\040\000w\000e\000i\000g\000h\000t\000s\000\040\000p\000a\000r\000a\000m\000e\000t\000e\000r\000s}{subsection.3.2.1}% 18
\BOOKMARK [1][-]{section.3.3}{\376\377\000T\000a\000p\000e\000r\000\040\000p\000a\000r\000a\000m\000e\000t\000e\000r\000s}{chapter.3}% 19
\BOOKMARK [1][-]{section.3.4}{\376\377\000S\000t\000r\000e\000a\000m\000\040\000p\000a\000r\000a\000m\000e\000t\000e\000r\000s}{chapter.3}% 20
\BOOKMARK [1][-]{section.3.5}{\376\377\000O\000p\000t\000i\000m\000i\000z\000a\000t\000i\000o\000n\000\040\000p\000a\000r\000a\000m\000e\000t\000e\000r\000s}{chapter.3}% 21
\BOOKMARK [1][-]{section.3.6}{\376\377\000I\000n\000v\000e\000n\000t\000o\000r\000y\000\040\000p\000a\000r\000a\000m\000e\000t\000e\000r\000s}{chapter.3}% 22
\BOOKMARK [1][-]{section.3.7}{\376\377\000R\000e\000m\000o\000v\000e\000\040\000r\000e\000s\000p\000o\000n\000s\000e\000\040\000p\000a\000r\000a\000m\000e\000t\000e\000r\000s}{chapter.3}% 23
\BOOKMARK [1][-]{section.3.8}{\376\377\000P\000l\000o\000t\000\040\000p\000a\000r\000a\000m\000e\000t\000e\000r\000s}{chapter.3}% 24
\BOOKMARK [0][-]{chapter.4}{\376\377\000I\000n\000p\000u\000t\000/\000O\000u\000t\000p\000u\000t\000\040\000d\000a\000t\000a}{}% 25
\BOOKMARK [1][-]{section.4.1}{\376\377\000D\000o\000w\000n\000l\000o\000a\000d\000i\000n\000g\000\040\000d\000a\000t\000a\000\040\000f\000r\000o\000m\000\040\000s\000e\000r\000v\000e\000r\000s}{chapter.4}% 26
\BOOKMARK [1][-]{section.4.2}{\376\377\000F\000i\000l\000e\000\040\000f\000o\000r\000m\000a\000t\000s}{chapter.4}% 27
\BOOKMARK [1][-]{section.4.3}{\376\377\000O\000u\000t\000p\000u\000t\000\040\000f\000i\000l\000e}{chapter.4}% 28
\BOOKMARK [0][-]{chapter.5}{\376\377\000M\000w\000\040\000i\000n\000s\000t\000a\000l\000l\000a\000t\000i\000o\000n}{}% 29
\BOOKMARK [1][-]{section.5.1}{\376\377\000I\000n\000s\000t\000a\000l\000l\000i\000n\000g\000\040\000t\000h\000e\000\040\000l\000a\000t\000e\000s\000t\000\040\000r\000e\000l\000e\000a\000s\000e}{chapter.5}% 30
\BOOKMARK [2][-]{subsection.5.1.1}{\376\377\000U\000s\000i\000n\000g\000\040\000p\000i\000p\000\040\000a\000n\000d\000\040\000P\000y\000P\000I}{section.5.1}% 31
\BOOKMARK [1][-]{section.5.2}{\376\377\000I\000n\000s\000t\000a\000l\000l\000i\000n\000g\000\040\000a\000\040\000d\000e\000v\000e\000l\000o\000p\000e\000r\000\040\000s\000n\000a\000p\000s\000h\000o\000t}{chapter.5}% 32
\BOOKMARK [2][-]{subsection.5.2.1}{\376\377\000U\000s\000i\000n\000g\000\040\000p\000i\000p}{section.5.2}% 33
\BOOKMARK [2][-]{subsection.5.2.2}{\376\377\000C\000l\000o\000n\000i\000n\000g\000\040\000t\000h\000e\000\040\000A\000n\000t\000h\000r\000o\000p\000o\000g\000e\000n\000i\000c\000\040\000M\000w\000\040\000a\000n\000d\000\040\000M\000w\000\040\000G\000i\000t\000H\000u\000b\000\040\000r\000e\000p\000o\000s\000i\000t\000o\000r\000y}{section.5.2}% 34
\BOOKMARK [0][-]{chapter.6}{\376\377\000G\000e\000t\000t\000i\000n\000g\000\040\000H\000e\000l\000p}{}% 35
\BOOKMARK [1][-]{section.6.1}{\376\377\330\075\336\117\000\040\000I\000\040\000n\000e\000e\000d\000\040\000h\000e\000l\000p}{chapter.6}% 36
\BOOKMARK [1][-]{section.6.2}{\376\377\330\075\334\036\000\040\000I\000\040\000f\000o\000u\000n\000d\000\040\000a\000\040\000b\000u\000g}{chapter.6}% 37
\BOOKMARK [0][-]{chapter.7}{\376\377\000M\000w\000\040\000c\000o\000n\000t\000r\000i\000b\000u\000t\000i\000n\000g}{}% 38
\BOOKMARK [0][-]{chapter.8}{\376\377\000H\000o\000w\000\040\000t\000o\000\040\000C\000i\000t\000e}{}% 39
\BOOKMARK [0][-]{chapter.9}{\376\377\000A\000n\000t\000h\000r\000o\000p\000o\000g\000e\000n\000i\000c\000\040\000M\000w\000\040\000A\000P\000I}{}% 40
\BOOKMARK [1][-]{section.9.1}{\376\377\000M\000a\000i\000n\000\040\000m\000o\000d\000u\000l\000e}{chapter.9}% 41
\BOOKMARK [2][-]{subsection.9.1.1}{\376\377\000s\000p\000e\000c\000t\000r\000a\000l\000\137\000m\000w}{section.9.1}% 42
\BOOKMARK [3][-]{subsubsection.9.1.1.1}{\376\377\000S\000p\000e\000c\000t\000r\000a\000l\000\040\000m\000a\000g\000n\000i\000t\000u\000d\000e\000\040\000e\000s\000t\000i\000m\000a\000t\000i\000o\000n\000\040\000f\000o\000r\000\040\000a\000l\000l\000\040\000e\000v\000e\000n\000t\000\040\000i\000n\000\040\000t\000h\000e\000\040\000c\000a\000t\000a\000l\000o\000g}{subsection.9.1.1}% 43
\BOOKMARK [2][-]{subsection.9.1.2}{\376\377\000t\000e\000s\000t\000\137\000g\000r\000e\000e\000n\000s\000\137\000f\000u\000n\000c\000t\000i\000o\000n}{section.9.1}% 44
\BOOKMARK [3][-]{subsubsection.9.1.2.1}{\376\377\000T\000h\000e\000\040\000p\000l\000o\000t\000\040\000o\000f\000\040\000t\000h\000e\000\040\000s\000o\000u\000r\000c\000e\000\040\000s\000p\000e\000c\000t\000r\000a}{subsection.9.1.2}% 45
\BOOKMARK [1][-]{section.9.2}{\376\377\000S\000u\000p\000p\000o\000r\000t\000\040\000m\000o\000d\000u\000l\000e\000s}{chapter.9}% 46
\BOOKMARK [2][-]{subsection.9.2.1}{\376\377\000T\000h\000e\000\040\000g\000e\000n\000e\000r\000a\000l\000\040\000s\000p\000e\000c\000t\000r\000a\000l\000\040\000m\000a\000g\000n\000i\000t\000u\000d\000e\000\040\000e\000s\000t\000i\000m\000a\000t\000i\000o\000n}{section.9.2}% 47
\BOOKMARK [2][-]{subsection.9.2.2}{\376\377\000F\000u\000n\000c\000t\000i\000o\000n\000s\000\040\000a\000n\000d\000\040\000c\000l\000a\000s\000s\000e\000s\000\040\000f\000o\000r\000\040\000p\000r\000e\000p\000a\000r\000a\000t\000i\000o\000n\000\040\000o\000f\000\040\000m\000w\000\040\000e\000s\000t\000i\000m\000a\000t\000i\000o\000n\000\040\000p\000r\000o\000c\000e\000d\000u\000r\000e\000\040\000p\000a\000r\000a\000m\000e\000t\000e\000r\000s}{section.9.2}% 48
\BOOKMARK [2][-]{subsection.9.2.3}{\376\377\000T\000h\000e\000\040\000p\000l\000o\000t\000\040\000f\000u\000n\000c\000t\000i\000o\000n\000s}{section.9.2}% 49
\BOOKMARK [2][-]{subsection.9.2.4}{\376\377\000S\000i\000n\000g\000l\000e\000\040\000p\000h\000a\000s\000e\000\040\000s\000p\000e\000c\000t\000r\000a\000l\000\040\000m\000a\000g\000n\000i\000t\000u\000d\000e\000\040\000e\000s\000t\000i\000m\000a\000t\000i\000o\000n}{section.9.2}% 50
\BOOKMARK [2][-]{subsection.9.2.5}{\376\377\000C\000u\000m\000u\000l\000a\000t\000e\000d\000\040\000P\000\040\000a\000n\000d\000\040\000S\000\040\000p\000h\000a\000s\000e\000s\000\040\000s\000p\000e\000c\000t\000r\000a\000l\000\040\000m\000a\000g\000n\000i\000t\000u\000d\000e\000\040\000e\000s\000t\000i\000m\000a\000t\000i\000o\000n}{section.9.2}% 51
\BOOKMARK [2][-]{subsection.9.2.6}{\376\377\000S\000e\000i\000s\000m\000i\000c\000\040\000s\000o\000u\000r\000c\000e\000\040\000m\000o\000d\000e\000l\000s\000\040\000i\000n\000\040\000f\000r\000e\000q\000u\000e\000n\000c\000y\000\040\000d\000o\000m\000a\000i\000n}{section.9.2}% 52
\BOOKMARK [2][-]{subsection.9.2.7}{\376\377\000T\000h\000e\000\040\000f\000u\000n\000c\000t\000i\000o\000n\000\040\000m\000i\000n\000i\000m\000i\000z\000a\000t\000i\000o\000n\000\040\000b\000y\000\040\000c\000h\000e\000c\000k\000i\000n\000g\000\040\000a\000l\000l\000\040\000s\000o\000l\000u\000t\000i\000o\000n\000s\000\040\000i\000n\000\040\000a\000\040\000g\000r\000i\000d}{section.9.2}% 53
\BOOKMARK [1][-]{section.9.3}{\376\377\000C\000o\000r\000e\000\040\000m\000o\000d\000u\000l\000e\000s}{chapter.9}% 54
\BOOKMARK [2][-]{subsection.9.3.1}{\376\377\000T\000h\000e\000\040\000w\000a\000v\000e\000f\000o\000r\000m\000\040\000a\000n\000d\000\040\000i\000n\000v\000e\000n\000t\000o\000r\000y\000\040\000m\000a\000n\000i\000p\000u\000l\000a\000t\000i\000o\000n}{section.9.3}% 55
\BOOKMARK [2][-]{subsection.9.3.2}{\376\377\000C\000o\000m\000m\000o\000n\000l\000y\000\040\000u\000s\000e\000d\000\040\000u\000t\000i\000l\000s\000\040\000f\000o\000r\000\040\000s\000e\000i\000s\000m\000i\000c\000\040\000d\000a\000t\000a\000\040\000p\000r\000o\000c\000e\000s\000s\000i\000n\000g\000\040\000b\000e\000\040\000t\000h\000e\000\040\000s\000e\000i\000s\000m\000i\000c\000\040\000p\000r\000o\000c\000e\000s\000s\000i\000n\000g\000\040\000i\000n\000\040\000P\000y\000t\000h\000o\000n\000\040\000p\000a\000c\000k\000a\000g\000e\000s}{section.9.3}% 56
\BOOKMARK [0][-]{chapter.10}{\376\377\000C\000h\000a\000n\000g\000e\000l\000o\000g\000s}{}% 57
\BOOKMARK [1][-]{section.10.1}{\376\377\000a\000m\000w\000\040\000C\000h\000a\000n\000g\000e\000l\000o\000g}{chapter.10}% 58
\BOOKMARK [2][-]{subsection.10.1.1}{\376\377\000v\0000\000.\0000\000.\0001\000\040\000-\000\040\0002\0000\0002\0004\000-\0001\0002\000-\0000\0006}{section.10.1}% 59
\BOOKMARK [0][-]{chapter.11}{\376\377\000I\000n\000d\000i\000c\000e\000s\000\040\000a\000n\000d\000\040\000t\000a\000b\000l\000e\000s}{}% 60
\BOOKMARK [0][-]{chapter*.56}{\376\377\000B\000i\000b\000l\000i\000o\000g\000r\000a\000p\000h\000y}{}% 61
\BOOKMARK [0][-]{section*.57}{\376\377\000P\000y\000t\000h\000o\000n\000\040\000M\000o\000d\000u\000l\000e\000\040\000I\000n\000d\000e\000x}{}% 62
